2023-04-18 15:16:15.040 [main] TRACE serverUtils.Console - Initializing the server
2023-04-18 15:16:15.045 [main] TRACE serverUtils.Console - Command 'info' registered
2023-04-18 15:16:15.046 [main] TRACE serverUtils.Console - Command 'show' registered
2023-04-18 15:16:15.046 [main] TRACE serverUtils.Console - Command 'add' registered
2023-04-18 15:16:15.046 [main] TRACE serverUtils.Console - Command 'update_id' registered
2023-04-18 15:16:15.047 [main] TRACE serverUtils.Console - Command 'remove_by_id' registered
2023-04-18 15:16:15.047 [main] TRACE serverUtils.Console - Command 'clear' registered
2023-04-18 15:16:15.048 [main] TRACE serverUtils.Console - Command 'add_if_min' registered
2023-04-18 15:16:15.048 [main] TRACE serverUtils.Console - Command 'remove_greater' registered
2023-04-18 15:16:15.049 [main] TRACE serverUtils.Console - Command 'remove_lower' registered
2023-04-18 15:16:15.049 [main] TRACE serverUtils.Console - Command 'remove_any_by_chapter' registered
2023-04-18 15:16:15.049 [main] TRACE serverUtils.Console - Command 'count_by_melee_weapon' registered
2023-04-18 15:16:15.050 [main] TRACE serverUtils.Console - Command 'filter_by_chapter' registered
2023-04-18 15:16:15.050 [main] TRACE serverUtils.Console - Collection loaded
2023-04-18 15:16:15.050 [main] TRACE serverUtils.Console - Server started
2023-04-18 15:16:15.051 [main] TRACE serverUtils.Console - The server is ready to receive commands
2023-04-18 15:16:17.765 [main] TRACE serverUtils.Console - Received ping request
2023-04-18 15:16:17.786 [main] TRACE serverUtils.Console - Received initialization request
2023-04-18 17:21:24.393 [main] TRACE serverUtils.Console - Initializing the server
2023-04-18 17:21:24.407 [main] TRACE serverUtils.Console - Command 'info' registered
2023-04-18 17:21:24.409 [main] TRACE serverUtils.Console - Command 'show' registered
2023-04-18 17:21:24.409 [main] TRACE serverUtils.Console - Command 'add' registered
2023-04-18 17:21:24.409 [main] TRACE serverUtils.Console - Command 'update_id' registered
2023-04-18 17:21:24.409 [main] TRACE serverUtils.Console - Command 'remove_by_id' registered
2023-04-18 17:21:24.409 [main] TRACE serverUtils.Console - Command 'clear' registered
2023-04-18 17:21:24.409 [main] TRACE serverUtils.Console - Command 'add_if_min' registered
2023-04-18 17:21:24.409 [main] TRACE serverUtils.Console - Command 'remove_greater' registered
2023-04-18 17:21:24.409 [main] TRACE serverUtils.Console - Command 'remove_lower' registered
2023-04-18 17:21:24.409 [main] TRACE serverUtils.Console - Command 'remove_any_by_chapter' registered
2023-04-18 17:21:24.409 [main] TRACE serverUtils.Console - Command 'count_by_melee_weapon' registered
2023-04-18 17:21:24.409 [main] TRACE serverUtils.Console - Command 'filter_by_chapter' registered
2023-04-18 17:21:24.409 [main] TRACE serverUtils.Console - Collection loaded
2023-04-18 17:21:24.409 [main] TRACE serverUtils.Console - Server started
2023-04-18 17:21:24.409 [main] TRACE serverUtils.Console - The server is ready to receive commands
2023-04-18 20:36:00.497 [main] TRACE serverUtils.Console - Initializing the server
2023-04-18 20:36:00.505 [main] TRACE serverUtils.Console - Command 'info' registered
2023-04-18 20:36:00.505 [main] TRACE serverUtils.Console - Command 'show' registered
2023-04-18 20:36:00.506 [main] TRACE serverUtils.Console - Command 'add' registered
2023-04-18 20:36:00.506 [main] TRACE serverUtils.Console - Command 'update_id' registered
2023-04-18 20:36:00.507 [main] TRACE serverUtils.Console - Command 'remove_by_id' registered
2023-04-18 20:36:00.507 [main] TRACE serverUtils.Console - Command 'clear' registered
2023-04-18 20:36:00.508 [main] TRACE serverUtils.Console - Command 'add_if_min' registered
2023-04-18 20:36:00.508 [main] TRACE serverUtils.Console - Command 'remove_greater' registered
2023-04-18 20:36:00.508 [main] TRACE serverUtils.Console - Command 'remove_lower' registered
2023-04-18 20:36:00.509 [main] TRACE serverUtils.Console - Command 'remove_any_by_chapter' registered
2023-04-18 20:36:00.509 [main] TRACE serverUtils.Console - Command 'count_by_melee_weapon' registered
2023-04-18 20:36:00.510 [main] TRACE serverUtils.Console - Command 'filter_by_chapter' registered
2023-04-18 20:36:00.510 [main] TRACE serverUtils.Console - Collection loaded
2023-04-18 20:36:00.510 [main] TRACE serverUtils.Console - Server started
2023-04-18 20:36:00.510 [main] TRACE serverUtils.Console - The server is ready to receive commands
2023-04-18 20:36:04.589 [main] TRACE serverUtils.Console - Received ping request
2023-04-18 20:36:04.611 [main] TRACE serverUtils.Console - Received initialization request
2023-04-18 20:39:55.322 [main] TRACE serverUtils.Console - Initializing the server
2023-04-18 20:39:55.328 [main] TRACE serverUtils.Console - Command 'info' registered
2023-04-18 20:39:55.329 [main] TRACE serverUtils.Console - Command 'show' registered
2023-04-18 20:39:55.329 [main] TRACE serverUtils.Console - Command 'add' registered
2023-04-18 20:39:55.329 [main] TRACE serverUtils.Console - Command 'update_id' registered
2023-04-18 20:39:55.329 [main] TRACE serverUtils.Console - Command 'remove_by_id' registered
2023-04-18 20:39:55.330 [main] TRACE serverUtils.Console - Command 'clear' registered
2023-04-18 20:39:55.330 [main] TRACE serverUtils.Console - Command 'add_if_min' registered
2023-04-18 20:39:55.330 [main] TRACE serverUtils.Console - Command 'remove_greater' registered
2023-04-18 20:39:55.331 [main] TRACE serverUtils.Console - Command 'remove_lower' registered
2023-04-18 20:39:55.331 [main] TRACE serverUtils.Console - Command 'remove_any_by_chapter' registered
2023-04-18 20:39:55.331 [main] TRACE serverUtils.Console - Command 'count_by_melee_weapon' registered
2023-04-18 20:39:55.332 [main] TRACE serverUtils.Console - Command 'filter_by_chapter' registered
2023-04-18 20:39:55.332 [main] TRACE serverUtils.Console - Collection loaded
2023-04-18 20:39:55.332 [main] TRACE serverUtils.Console - Server started
2023-04-18 20:39:55.332 [main] TRACE serverUtils.Console - The server is ready to receive commands
2023-04-18 20:39:56.862 [main] TRACE serverUtils.Console - Received ping request
2023-04-18 20:39:56.889 [main] TRACE serverUtils.Console - Received initialization request
2023-04-18 20:40:04.397 [main] TRACE serverUtils.Console - Initializing the server
2023-04-18 20:40:04.403 [main] TRACE serverUtils.Console - Command 'info' registered
2023-04-18 20:40:04.404 [main] TRACE serverUtils.Console - Command 'show' registered
2023-04-18 20:40:04.405 [main] TRACE serverUtils.Console - Command 'add' registered
2023-04-18 20:40:04.405 [main] TRACE serverUtils.Console - Command 'update_id' registered
2023-04-18 20:40:04.405 [main] TRACE serverUtils.Console - Command 'remove_by_id' registered
2023-04-18 20:40:04.406 [main] TRACE serverUtils.Console - Command 'clear' registered
2023-04-18 20:40:04.406 [main] TRACE serverUtils.Console - Command 'add_if_min' registered
2023-04-18 20:40:04.406 [main] TRACE serverUtils.Console - Command 'remove_greater' registered
2023-04-18 20:40:04.406 [main] TRACE serverUtils.Console - Command 'remove_lower' registered
2023-04-18 20:40:04.407 [main] TRACE serverUtils.Console - Command 'remove_any_by_chapter' registered
2023-04-18 20:40:04.407 [main] TRACE serverUtils.Console - Command 'count_by_melee_weapon' registered
2023-04-18 20:40:04.407 [main] TRACE serverUtils.Console - Command 'filter_by_chapter' registered
2023-04-18 20:40:04.407 [main] TRACE serverUtils.Console - Collection loaded
2023-04-18 20:40:04.407 [main] TRACE serverUtils.Console - Server started
2023-04-18 20:40:04.407 [main] TRACE serverUtils.Console - The server is ready to receive commands
2023-04-18 20:44:15.324 [main] TRACE serverUtils.Console - Initializing the server
2023-04-18 20:44:15.329 [main] TRACE serverUtils.Console - Command 'info' registered
2023-04-18 20:44:15.329 [main] TRACE serverUtils.Console - Command 'show' registered
2023-04-18 20:44:15.330 [main] TRACE serverUtils.Console - Command 'add' registered
2023-04-18 20:44:15.330 [main] TRACE serverUtils.Console - Command 'update_id' registered
2023-04-18 20:44:15.330 [main] TRACE serverUtils.Console - Command 'remove_by_id' registered
2023-04-18 20:44:15.331 [main] TRACE serverUtils.Console - Command 'clear' registered
2023-04-18 20:44:15.331 [main] TRACE serverUtils.Console - Command 'add_if_min' registered
2023-04-18 20:44:15.331 [main] TRACE serverUtils.Console - Command 'remove_greater' registered
2023-04-18 20:44:15.331 [main] TRACE serverUtils.Console - Command 'remove_lower' registered
2023-04-18 20:44:15.332 [main] TRACE serverUtils.Console - Command 'remove_any_by_chapter' registered
2023-04-18 20:44:15.332 [main] TRACE serverUtils.Console - Command 'count_by_melee_weapon' registered
2023-04-18 20:44:15.332 [main] TRACE serverUtils.Console - Command 'filter_by_chapter' registered
2023-04-18 20:44:15.333 [main] TRACE serverUtils.Console - Collection loaded
2023-04-18 20:44:15.333 [main] TRACE serverUtils.Console - Server started
2023-04-18 20:44:15.333 [main] TRACE serverUtils.Console - The server is ready to receive commands
2023-04-18 20:44:15.834 [main] TRACE serverUtils.Console - Received ping request
2023-04-18 20:44:15.859 [main] TRACE serverUtils.Console - Received initialization request
2023-04-18 20:44:42.923 [main] TRACE serverUtils.Console - Initializing the server
2023-04-18 20:44:42.929 [main] TRACE serverUtils.Console - Command 'info' registered
2023-04-18 20:44:42.929 [main] TRACE serverUtils.Console - Command 'show' registered
2023-04-18 20:44:42.930 [main] TRACE serverUtils.Console - Command 'add' registered
2023-04-18 20:44:42.930 [main] TRACE serverUtils.Console - Command 'update_id' registered
2023-04-18 20:44:42.930 [main] TRACE serverUtils.Console - Command 'remove_by_id' registered
2023-04-18 20:44:42.931 [main] TRACE serverUtils.Console - Command 'clear' registered
2023-04-18 20:44:42.931 [main] TRACE serverUtils.Console - Command 'add_if_min' registered
2023-04-18 20:44:42.931 [main] TRACE serverUtils.Console - Command 'remove_greater' registered
2023-04-18 20:44:42.931 [main] TRACE serverUtils.Console - Command 'remove_lower' registered
2023-04-18 20:44:42.932 [main] TRACE serverUtils.Console - Command 'remove_any_by_chapter' registered
2023-04-18 20:44:42.932 [main] TRACE serverUtils.Console - Command 'count_by_melee_weapon' registered
2023-04-18 20:44:42.932 [main] TRACE serverUtils.Console - Command 'filter_by_chapter' registered
2023-04-18 20:44:42.933 [main] TRACE serverUtils.Console - Collection loaded
2023-04-18 20:44:42.933 [main] TRACE serverUtils.Console - Server started
2023-04-18 20:44:42.933 [main] TRACE serverUtils.Console - The server is ready to receive commands
2023-04-18 20:44:45.829 [main] TRACE serverUtils.Console - Received command: show
2023-04-18 20:55:59.769 [main] TRACE serverUtils.Console - Initializing the server
2023-04-18 20:55:59.774 [main] TRACE serverUtils.Console - Command 'info' registered
2023-04-18 20:55:59.774 [main] TRACE serverUtils.Console - Command 'show' registered
2023-04-18 20:55:59.775 [main] TRACE serverUtils.Console - Command 'add' registered
2023-04-18 20:55:59.775 [main] TRACE serverUtils.Console - Command 'update_id' registered
2023-04-18 20:55:59.775 [main] TRACE serverUtils.Console - Command 'remove_by_id' registered
2023-04-18 20:55:59.776 [main] TRACE serverUtils.Console - Command 'clear' registered
2023-04-18 20:55:59.776 [main] TRACE serverUtils.Console - Command 'add_if_min' registered
2023-04-18 20:55:59.776 [main] TRACE serverUtils.Console - Command 'remove_greater' registered
2023-04-18 20:55:59.776 [main] TRACE serverUtils.Console - Command 'remove_lower' registered
2023-04-18 20:55:59.777 [main] TRACE serverUtils.Console - Command 'remove_any_by_chapter' registered
2023-04-18 20:55:59.777 [main] TRACE serverUtils.Console - Command 'count_by_melee_weapon' registered
2023-04-18 20:55:59.777 [main] TRACE serverUtils.Console - Command 'filter_by_chapter' registered
2023-04-18 20:55:59.777 [main] TRACE serverUtils.Console - Collection loaded
2023-04-18 20:55:59.778 [main] TRACE serverUtils.Console - Server started
2023-04-18 20:55:59.778 [main] TRACE serverUtils.Console - The server is ready to receive commands
2023-04-18 20:56:06.497 [main] TRACE serverUtils.ConnectionManager - Received: {"queryType":"PING","information":"Ping","args":{}}
2023-04-18 20:56:06.514 [main] TRACE serverUtils.Console - Received ping request
2023-04-18 20:56:06.515 [main] TRACE serverUtils.ConnectionManager - Sending answer to localhost/127.0.0.1:6789
2023-04-18 20:56:06.531 [main] TRACE serverUtils.ConnectionManager - Sending: {"answerType":"SYSTEM","message":"Pong"}
2023-04-18 20:56:06.545 [main] TRACE serverUtils.ConnectionManager - Received: {"queryType":"INITIALIZATION","information":"","args":{}}
2023-04-18 20:56:06.545 [main] TRACE serverUtils.Console - Received initialization request
2023-04-18 20:56:06.546 [main] TRACE serverUtils.ConnectionManager - Sending answer to /127.0.0.1:51186
2023-04-18 20:56:06.546 [main] TRACE serverUtils.ConnectionManager - Sending: {"answerType":"SYSTEM","message":"info show add update_id remove_by_id clear add_if_min remove_greater remove_lower remove_any_by_chapter count_by_melee_weapon filter_by_chapter"}
2023-04-18 20:57:27.734 [main] TRACE serverUtils.Console - Initializing the server
2023-04-18 20:57:27.740 [main] TRACE serverUtils.Console - Command 'info' registered
2023-04-18 20:57:27.740 [main] TRACE serverUtils.Console - Command 'show' registered
2023-04-18 20:57:27.741 [main] TRACE serverUtils.Console - Command 'add' registered
2023-04-18 20:57:27.741 [main] TRACE serverUtils.Console - Command 'update_id' registered
2023-04-18 20:57:27.741 [main] TRACE serverUtils.Console - Command 'remove_by_id' registered
2023-04-18 20:57:27.741 [main] TRACE serverUtils.Console - Command 'clear' registered
2023-04-18 20:57:27.742 [main] TRACE serverUtils.Console - Command 'add_if_min' registered
2023-04-18 20:57:27.742 [main] TRACE serverUtils.Console - Command 'remove_greater' registered
2023-04-18 20:57:27.742 [main] TRACE serverUtils.Console - Command 'remove_lower' registered
2023-04-18 20:57:27.743 [main] TRACE serverUtils.Console - Command 'remove_any_by_chapter' registered
2023-04-18 20:57:27.743 [main] TRACE serverUtils.Console - Command 'count_by_melee_weapon' registered
2023-04-18 20:57:27.743 [main] TRACE serverUtils.Console - Command 'filter_by_chapter' registered
2023-04-18 20:57:27.743 [main] TRACE serverUtils.FileManager - No value of environment variable 'COLLECTION' was found
2023-04-18 20:57:27.744 [main] TRACE serverUtils.Console - Collection loaded
2023-04-18 20:57:27.744 [main] TRACE serverUtils.Console - Server started
2023-04-18 20:57:27.744 [main] TRACE serverUtils.Console - The server is ready to receive commands
2023-04-18 20:57:54.343 [main] TRACE serverUtils.ConnectionManager - Received: {"queryType":"COMMAND_EXEC","information":"add","args":{"spaceMarine":"{\"id\":1681840674330,\"name\":\"3\",\"coordinates\":{\"x\":4.0,\"y\":5},\"health\":6.0,\"loyal\":true,\"category\":\"HELIX\",\"meleeWeapon\":\"POWER_FIST\",\"chapter\":{\"name\":\"3\",\"marinesCount\":6}}"}}
2023-04-18 20:57:54.360 [main] TRACE serverUtils.Console - Received command: add
2023-04-18 20:57:54.381 [main] TRACE serverUtils.ConnectionManager - Sending answer to localhost/127.0.0.1:6789
2023-04-18 20:57:54.390 [main] TRACE serverUtils.ConnectionManager - Sending: {"answerType":"OK","message":"Space Marine 3 has been created and added to the collection"}
2023-04-20 15:19:43.903 [main] TRACE serverUtils.Console - Initializing the server
2023-04-20 15:19:43.910 [main] TRACE serverUtils.Console - Command 'info' registered
2023-04-20 15:19:43.911 [main] TRACE serverUtils.Console - Command 'show' registered
2023-04-20 15:19:43.912 [main] TRACE serverUtils.Console - Command 'add' registered
2023-04-20 15:19:43.912 [main] TRACE serverUtils.Console - Command 'update_id' registered
2023-04-20 15:19:43.914 [main] TRACE serverUtils.Console - Command 'remove_by_id' registered
2023-04-20 15:19:43.915 [main] TRACE serverUtils.Console - Command 'clear' registered
2023-04-20 15:19:43.915 [main] TRACE serverUtils.Console - Command 'add_if_min' registered
2023-04-20 15:19:43.916 [main] TRACE serverUtils.Console - Command 'remove_greater' registered
2023-04-20 15:19:43.916 [main] TRACE serverUtils.Console - Command 'remove_lower' registered
2023-04-20 15:19:43.917 [main] TRACE serverUtils.Console - Command 'remove_any_by_chapter' registered
2023-04-20 15:19:43.917 [main] TRACE serverUtils.Console - Command 'count_by_melee_weapon' registered
2023-04-20 15:19:43.918 [main] TRACE serverUtils.Console - Command 'filter_by_chapter' registered
2023-04-20 15:19:43.918 [main] TRACE serverUtils.FileManager - No value of environment variable 'COLLECTION' was found
2023-04-20 15:19:43.918 [main] TRACE serverUtils.Console - Collection loaded
2023-04-20 15:19:43.918 [main] TRACE serverUtils.Console - Server started
2023-04-20 15:19:43.918 [main] TRACE serverUtils.Console - The server is ready to receive commands
2023-04-20 15:19:48.430 [main] TRACE serverUtils.ConnectionManager - Received: {"queryType":"PING","information":"Ping","args":{}}
2023-04-20 15:19:48.445 [main] TRACE serverUtils.Console - Received ping request
2023-04-20 15:19:48.448 [main] TRACE serverUtils.ConnectionManager - Sending answer to localhost/127.0.0.1:6789
2023-04-20 15:19:48.465 [main] TRACE serverUtils.ConnectionManager - Sending: {"answerType":"SYSTEM","message":"Pong"}
2023-04-20 15:19:48.470 [main] TRACE serverUtils.ConnectionManager - Received: {"queryType":"INITIALIZATION","information":"","args":{}}
2023-04-20 15:19:48.470 [main] TRACE serverUtils.Console - Received initialization request
2023-04-20 15:19:48.472 [main] TRACE serverUtils.ConnectionManager - Sending answer to /127.0.0.1:49170
2023-04-20 15:19:48.472 [main] TRACE serverUtils.ConnectionManager - Sending: {"answerType":"SYSTEM","message":"info show add update_id remove_by_id clear add_if_min remove_greater remove_lower remove_any_by_chapter count_by_melee_weapon filter_by_chapter"}
2023-04-20 15:20:19.496 [main] TRACE serverUtils.ConnectionManager - Received: {"queryType":"COMMAND_EXEC","information":"info","args":{}}
2023-04-20 15:20:19.496 [main] TRACE serverUtils.Console - Received command: info
2023-04-20 15:20:19.500 [main] TRACE serverUtils.ConnectionManager - Sending answer to /127.0.0.1:49170
2023-04-20 15:20:19.500 [main] TRACE serverUtils.ConnectionManager - Sending: {"answerType":"OK","message":"Tree Set of SpaceMarine: size=0, date=Thu Apr 20 15:19:43 MSK 2023"}
2023-04-20 15:20:19.501 [main] TRACE serverUtils.ConnectionManager - Received: {"queryType":"COMMAND_EXEC","information":"show","args":{}}
2023-04-20 15:20:19.502 [main] TRACE serverUtils.Console - Received command: show
2023-04-20 15:20:19.502 [main] TRACE serverUtils.ConnectionManager - Sending answer to /127.0.0.1:49170
2023-04-20 15:20:19.502 [main] TRACE serverUtils.ConnectionManager - Sending: {"answerType":"OK","message":"Collection is empty"}
2023-04-20 15:20:19.525 [main] TRACE serverUtils.ConnectionManager - Received: {"queryType":"COMMAND_EXEC","information":"add","args":{"spaceMarine":"{\"id\":1681993219518,\"name\":\"1\",\"coordinates\":{\"x\":1.0,\"y\":1},\"health\":1.0,\"loyal\":true,\"category\":\"HELIX\",\"meleeWeapon\":\"POWER_FIST\",\"chapter\":{\"name\":\"1\",\"marinesCount\":1}}"}}
2023-04-20 15:20:19.525 [main] TRACE serverUtils.Console - Received command: add
2023-04-20 15:20:19.533 [main] TRACE serverUtils.ConnectionManager - Sending answer to /127.0.0.1:49170
2023-04-20 15:20:19.533 [main] TRACE serverUtils.ConnectionManager - Sending: {"answerType":"OK","message":"Space Marine 1 has been created and added to the collection"}
2023-04-20 15:20:19.534 [main] TRACE serverUtils.ConnectionManager - Received: {"queryType":"COMMAND_EXEC","information":"add","args":{"spaceMarine":"{\"name\":\"2\",\"coordinates\":{\"x\":2.0,\"y\":2},\"health\":2.0,\"loyal\":true,\"category\":\"HELIX\",\"meleeWeapon\":\"POWER_FIST\",\"chapter\":{\"name\":\"2\",\"marinesCount\":2}}"}}
2023-04-20 15:20:19.534 [main] TRACE serverUtils.Console - Received command: add
2023-04-20 15:20:19.535 [main] TRACE serverUtils.ConnectionManager - Sending answer to /127.0.0.1:49170
2023-04-20 15:20:19.535 [main] TRACE serverUtils.ConnectionManager - Sending: {"answerType":"OK","message":"Space Marine 2 has been created and added to the collection"}
2023-04-20 15:20:19.536 [main] TRACE serverUtils.ConnectionManager - Received: {"queryType":"COMMAND_EXEC","information":"add","args":{"spaceMarine":"{\"name\":\"3\",\"coordinates\":{\"x\":3.0,\"y\":3},\"health\":3.0,\"loyal\":true,\"category\":\"HELIX\",\"meleeWeapon\":\"POWER_FIST\",\"chapter\":{\"name\":\"3\",\"marinesCount\":3}}"}}
2023-04-20 15:20:19.536 [main] TRACE serverUtils.Console - Received command: add
2023-04-20 15:20:19.536 [main] TRACE serverUtils.ConnectionManager - Sending answer to /127.0.0.1:49170
2023-04-20 15:20:19.536 [main] TRACE serverUtils.ConnectionManager - Sending: {"answerType":"OK","message":"Space Marine 3 has been created and added to the collection"}
2023-04-20 15:20:19.537 [main] TRACE serverUtils.ConnectionManager - Received: {"queryType":"COMMAND_EXEC","information":"show","args":{}}
2023-04-20 15:20:19.537 [main] TRACE serverUtils.Console - Received command: show
2023-04-20 15:20:19.546 [main] TRACE serverUtils.ConnectionManager - Sending answer to /127.0.0.1:49170
2023-04-20 15:20:19.546 [main] TRACE serverUtils.ConnectionManager - Sending: {"answerType":"OK","message":"SpaceMarine(id=1681993219518 ,name=1, coordinates=Coordinates(x=1.0, y=1), creationDate=2023-04-20, health=1.0, loyal=true, category=HELIX, meleeWeapon=POWER_FIST, chapter=Chapter(name=1, marinesCount=1))\nSpaceMarine(id=1681993219535 ,name=2, coordinates=Coordinates(x=2.0, y=2), creationDate=2023-04-20, health=2.0, loyal=true, category=HELIX, meleeWeapon=POWER_FIST, chapter=Chapter(name=2, marinesCount=2))\nSpaceMarine(id=1681993219536 ,name=3, coordinates=Coordinates(x=3.0, y=3), creationDate=2023-04-20, health=3.0, loyal=true, category=HELIX, meleeWeapon=POWER_FIST, chapter=Chapter(name=3, marinesCount=3))"}
2023-04-20 15:20:29.767 [main] TRACE serverUtils.ConnectionManager - Received: {"queryType":"COMMAND_EXEC","information":"show","args":{}}
2023-04-20 15:20:29.767 [main] TRACE serverUtils.Console - Received command: show
2023-04-20 15:20:29.767 [main] TRACE serverUtils.ConnectionManager - Sending answer to /127.0.0.1:49170
2023-04-20 15:20:29.767 [main] TRACE serverUtils.ConnectionManager - Sending: {"answerType":"OK","message":"SpaceMarine(id=1681993219518 ,name=1, coordinates=Coordinates(x=1.0, y=1), creationDate=2023-04-20, health=1.0, loyal=true, category=HELIX, meleeWeapon=POWER_FIST, chapter=Chapter(name=1, marinesCount=1))\nSpaceMarine(id=1681993219535 ,name=2, coordinates=Coordinates(x=2.0, y=2), creationDate=2023-04-20, health=2.0, loyal=true, category=HELIX, meleeWeapon=POWER_FIST, chapter=Chapter(name=2, marinesCount=2))\nSpaceMarine(id=1681993219536 ,name=3, coordinates=Coordinates(x=3.0, y=3), creationDate=2023-04-20, health=3.0, loyal=true, category=HELIX, meleeWeapon=POWER_FIST, chapter=Chapter(name=3, marinesCount=3))"}
2023-04-20 15:20:44.094 [main] TRACE serverUtils.ConnectionManager - Received: {"queryType":"PING","information":"Ping","args":{}}
2023-04-20 15:20:44.094 [main] TRACE serverUtils.Console - Received ping request
2023-04-20 15:20:44.094 [main] TRACE serverUtils.ConnectionManager - Sending answer to /127.0.0.1:49170
2023-04-20 15:20:44.094 [main] TRACE serverUtils.ConnectionManager - Sending: {"answerType":"SYSTEM","message":"Pong"}
2023-04-20 15:20:44.103 [main] TRACE serverUtils.ConnectionManager - Received: {"queryType":"INITIALIZATION","information":"","args":{}}
2023-04-20 15:20:44.103 [main] TRACE serverUtils.Console - Received initialization request
2023-04-20 15:20:44.103 [main] TRACE serverUtils.ConnectionManager - Sending answer to /127.0.0.1:52755
2023-04-20 15:20:44.103 [main] TRACE serverUtils.ConnectionManager - Sending: {"answerType":"SYSTEM","message":"info show add update_id remove_by_id clear add_if_min remove_greater remove_lower remove_any_by_chapter count_by_melee_weapon filter_by_chapter"}
2023-04-20 15:21:03.880 [main] TRACE serverUtils.ConnectionManager - Received: {"queryType":"COMMAND_EXEC","information":"info","args":{}}
2023-04-20 15:21:03.880 [main] TRACE serverUtils.Console - Received command: info
2023-04-20 15:21:03.880 [main] TRACE serverUtils.ConnectionManager - Sending answer to /127.0.0.1:52755
2023-04-20 15:21:03.881 [main] TRACE serverUtils.ConnectionManager - Sending: {"answerType":"OK","message":"Tree Set of SpaceMarine: size=3, date=Thu Apr 20 15:19:43 MSK 2023"}
2023-04-20 15:21:03.882 [main] TRACE serverUtils.ConnectionManager - Received: {"queryType":"COMMAND_EXEC","information":"show","args":{}}
2023-04-20 15:21:03.882 [main] TRACE serverUtils.Console - Received command: show
2023-04-20 15:21:03.882 [main] TRACE serverUtils.ConnectionManager - Sending answer to /127.0.0.1:52755
2023-04-20 15:21:03.882 [main] TRACE serverUtils.ConnectionManager - Sending: {"answerType":"OK","message":"SpaceMarine(id=1681993219518 ,name=1, coordinates=Coordinates(x=1.0, y=1), creationDate=2023-04-20, health=1.0, loyal=true, category=HELIX, meleeWeapon=POWER_FIST, chapter=Chapter(name=1, marinesCount=1))\nSpaceMarine(id=1681993219535 ,name=2, coordinates=Coordinates(x=2.0, y=2), creationDate=2023-04-20, health=2.0, loyal=true, category=HELIX, meleeWeapon=POWER_FIST, chapter=Chapter(name=2, marinesCount=2))\nSpaceMarine(id=1681993219536 ,name=3, coordinates=Coordinates(x=3.0, y=3), creationDate=2023-04-20, health=3.0, loyal=true, category=HELIX, meleeWeapon=POWER_FIST, chapter=Chapter(name=3, marinesCount=3))"}
2023-04-20 15:21:03.897 [main] TRACE serverUtils.ConnectionManager - Received: {"queryType":"COMMAND_EXEC","information":"add","args":{"spaceMarine":"{\"id\":1681993263892,\"name\":\"2\",\"coordinates\":{\"x\":2.0,\"y\":2},\"health\":2.0,\"loyal\":true,\"category\":\"HELIX\",\"meleeWeapon\":\"POWER_FIST\",\"chapter\":{\"name\":\"2\",\"marinesCount\":2}}"}}
2023-04-20 15:21:03.898 [main] TRACE serverUtils.Console - Received command: add
2023-04-20 15:21:03.898 [main] TRACE serverUtils.ConnectionManager - Sending answer to /127.0.0.1:52755
2023-04-20 15:21:03.898 [main] TRACE serverUtils.ConnectionManager - Sending: {"answerType":"OK","message":"Space Marine 2 has been created and added to the collection"}
2023-04-20 15:21:03.899 [main] TRACE serverUtils.ConnectionManager - Received: {"queryType":"COMMAND_EXEC","information":"add","args":{"spaceMarine":"{\"name\":\"1\",\"coordinates\":{\"x\":1.0,\"y\":1},\"health\":1.0,\"loyal\":true,\"category\":\"HELIX\",\"meleeWeapon\":\"POWER_FIST\",\"chapter\":{\"name\":\"1\",\"marinesCount\":1}}"}}
2023-04-20 15:21:03.899 [main] TRACE serverUtils.Console - Received command: add
2023-04-20 15:21:03.899 [main] TRACE serverUtils.ConnectionManager - Sending answer to /127.0.0.1:52755
2023-04-20 15:21:03.899 [main] TRACE serverUtils.ConnectionManager - Sending: {"answerType":"OK","message":"Space Marine 1 has been created and added to the collection"}
2023-04-20 15:21:03.900 [main] TRACE serverUtils.ConnectionManager - Received: {"queryType":"COMMAND_EXEC","information":"add","args":{"spaceMarine":"{\"name\":\"3\",\"coordinates\":{\"x\":3.0,\"y\":3},\"health\":3.0,\"loyal\":true,\"category\":\"HELIX\",\"meleeWeapon\":\"POWER_FIST\",\"chapter\":{\"name\":\"3\",\"marinesCount\":3}}"}}
2023-04-20 15:21:03.901 [main] TRACE serverUtils.Console - Received command: add
2023-04-20 15:21:03.901 [main] TRACE serverUtils.ConnectionManager - Sending answer to /127.0.0.1:52755
2023-04-20 15:21:03.901 [main] TRACE serverUtils.ConnectionManager - Sending: {"answerType":"OK","message":"Space Marine 3 has been created and added to the collection"}
2023-04-20 15:21:03.902 [main] TRACE serverUtils.ConnectionManager - Received: {"queryType":"COMMAND_EXEC","information":"show","args":{}}
2023-04-20 15:21:03.902 [main] TRACE serverUtils.Console - Received command: show
2023-04-20 15:21:03.902 [main] TRACE serverUtils.ConnectionManager - Sending answer to /127.0.0.1:52755
2023-04-20 15:21:03.902 [main] TRACE serverUtils.ConnectionManager - Sending: {"answerType":"OK","message":"SpaceMarine(id=1681993219518 ,name=1, coordinates=Coordinates(x=1.0, y=1), creationDate=2023-04-20, health=1.0, loyal=true, category=HELIX, meleeWeapon=POWER_FIST, chapter=Chapter(name=1, marinesCount=1))\nSpaceMarine(id=1681993219535 ,name=2, coordinates=Coordinates(x=2.0, y=2), creationDate=2023-04-20, health=2.0, loyal=true, category=HELIX, meleeWeapon=POWER_FIST, chapter=Chapter(name=2, marinesCount=2))\nSpaceMarine(id=1681993219536 ,name=3, coordinates=Coordinates(x=3.0, y=3), creationDate=2023-04-20, health=3.0, loyal=true, category=HELIX, meleeWeapon=POWER_FIST, chapter=Chapter(name=3, marinesCount=3))\nSpaceMarine(id=1681993263892 ,name=2, coordinates=Coordinates(x=2.0, y=2), creationDate=2023-04-20, health=2.0, loyal=true, category=HELIX, meleeWeapon=POWER_FIST, chapter=Chapter(name=2, marinesCount=2))\nSpaceMarine(id=1681993263899 ,name=1, coordinates=Coordinates(x=1.0, y=1), creationDate=2023-04-20, health=1.0, loyal=true, category=HELIX, meleeWeapon=POWER_FIST, chapter=Chapter(name=1, marinesCount=1))\nSpaceMarine(id=1681993263901 ,name=3, coordinates=Coordinates(x=3.0, y=3), creationDate=2023-04-20, health=3.0, loyal=true, category=HELIX, meleeWeapon=POWER_FIST, chapter=Chapter(name=3, marinesCount=3))"}
2023-04-20 15:21:07.308 [main] TRACE serverUtils.ConnectionManager - Received: {"queryType":"COMMAND_EXEC","information":"show","args":{}}
2023-04-20 15:21:07.308 [main] TRACE serverUtils.Console - Received command: show
2023-04-20 15:21:07.308 [main] TRACE serverUtils.ConnectionManager - Sending answer to /127.0.0.1:52755
2023-04-20 15:21:07.308 [main] TRACE serverUtils.ConnectionManager - Sending: {"answerType":"OK","message":"SpaceMarine(id=1681993219518 ,name=1, coordinates=Coordinates(x=1.0, y=1), creationDate=2023-04-20, health=1.0, loyal=true, category=HELIX, meleeWeapon=POWER_FIST, chapter=Chapter(name=1, marinesCount=1))\nSpaceMarine(id=1681993219535 ,name=2, coordinates=Coordinates(x=2.0, y=2), creationDate=2023-04-20, health=2.0, loyal=true, category=HELIX, meleeWeapon=POWER_FIST, chapter=Chapter(name=2, marinesCount=2))\nSpaceMarine(id=1681993219536 ,name=3, coordinates=Coordinates(x=3.0, y=3), creationDate=2023-04-20, health=3.0, loyal=true, category=HELIX, meleeWeapon=POWER_FIST, chapter=Chapter(name=3, marinesCount=3))\nSpaceMarine(id=1681993263892 ,name=2, coordinates=Coordinates(x=2.0, y=2), creationDate=2023-04-20, health=2.0, loyal=true, category=HELIX, meleeWeapon=POWER_FIST, chapter=Chapter(name=2, marinesCount=2))\nSpaceMarine(id=1681993263899 ,name=1, coordinates=Coordinates(x=1.0, y=1), creationDate=2023-04-20, health=1.0, loyal=true, category=HELIX, meleeWeapon=POWER_FIST, chapter=Chapter(name=1, marinesCount=1))\nSpaceMarine(id=1681993263901 ,name=3, coordinates=Coordinates(x=3.0, y=3), creationDate=2023-04-20, health=3.0, loyal=true, category=HELIX, meleeWeapon=POWER_FIST, chapter=Chapter(name=3, marinesCount=3))"}
2023-04-20 15:21:11.439 [main] TRACE serverUtils.ConnectionManager - Received: {"queryType":"COMMAND_EXEC","information":"clear","args":{}}
2023-04-20 15:21:11.439 [main] TRACE serverUtils.Console - Received command: clear
2023-04-20 15:21:11.440 [main] TRACE serverUtils.ConnectionManager - Sending answer to /127.0.0.1:52755
2023-04-20 15:21:11.440 [main] TRACE serverUtils.ConnectionManager - Sending: {"answerType":"OK","message":"Collection has been cleared"}
2023-04-20 15:21:16.806 [main] TRACE serverUtils.ConnectionManager - Received: {"queryType":"COMMAND_EXEC","information":"show","args":{}}
2023-04-20 15:21:16.806 [main] TRACE serverUtils.Console - Received command: show
2023-04-20 15:21:16.807 [main] TRACE serverUtils.ConnectionManager - Sending answer to /127.0.0.1:52755
2023-04-20 15:21:16.807 [main] TRACE serverUtils.ConnectionManager - Sending: {"answerType":"OK","message":"Collection is empty"}
2023-04-20 15:21:22.994 [main] TRACE serverUtils.ConnectionManager - Received: {"queryType":"COMMAND_EXEC","information":"info","args":{}}
2023-04-20 15:21:22.994 [main] TRACE serverUtils.Console - Received command: info
2023-04-20 15:21:22.995 [main] TRACE serverUtils.ConnectionManager - Sending answer to /127.0.0.1:52755
2023-04-20 15:21:22.995 [main] TRACE serverUtils.ConnectionManager - Sending: {"answerType":"OK","message":"Tree Set of SpaceMarine: size=0, date=Thu Apr 20 15:19:43 MSK 2023"}
2023-04-20 15:21:22.995 [main] TRACE serverUtils.ConnectionManager - Received: {"queryType":"COMMAND_EXEC","information":"show","args":{}}
2023-04-20 15:21:22.996 [main] TRACE serverUtils.Console - Received command: show
2023-04-20 15:21:22.996 [main] TRACE serverUtils.ConnectionManager - Sending answer to /127.0.0.1:52755
2023-04-20 15:21:22.996 [main] TRACE serverUtils.ConnectionManager - Sending: {"answerType":"OK","message":"Collection is empty"}
2023-04-20 15:21:22.997 [main] TRACE serverUtils.ConnectionManager - Received: {"queryType":"COMMAND_EXEC","information":"add","args":{"spaceMarine":"{\"name\":\"2\",\"coordinates\":{\"x\":2.0,\"y\":2},\"health\":2.0,\"loyal\":true,\"category\":\"HELIX\",\"meleeWeapon\":\"POWER_FIST\",\"chapter\":{\"name\":\"2\",\"marinesCount\":2}}"}}
2023-04-20 15:21:22.997 [main] TRACE serverUtils.Console - Received command: add
2023-04-20 15:21:22.997 [main] TRACE serverUtils.ConnectionManager - Sending answer to /127.0.0.1:52755
2023-04-20 15:21:22.997 [main] TRACE serverUtils.ConnectionManager - Sending: {"answerType":"OK","message":"Space Marine 2 has been created and added to the collection"}
2023-04-20 15:21:22.998 [main] TRACE serverUtils.ConnectionManager - Received: {"queryType":"COMMAND_EXEC","information":"add","args":{"spaceMarine":"{\"name\":\"1\",\"coordinates\":{\"x\":1.0,\"y\":1},\"health\":1.0,\"loyal\":true,\"category\":\"HELIX\",\"meleeWeapon\":\"POWER_FIST\",\"chapter\":{\"name\":\"1\",\"marinesCount\":1}}"}}
2023-04-20 15:21:22.998 [main] TRACE serverUtils.Console - Received command: add
2023-04-20 15:21:22.998 [main] TRACE serverUtils.ConnectionManager - Sending answer to /127.0.0.1:52755
2023-04-20 15:21:22.998 [main] TRACE serverUtils.ConnectionManager - Sending: {"answerType":"OK","message":"Space Marine 1 has been created and added to the collection"}
2023-04-20 15:21:22.999 [main] TRACE serverUtils.ConnectionManager - Received: {"queryType":"COMMAND_EXEC","information":"add","args":{"spaceMarine":"{\"name\":\"3\",\"coordinates\":{\"x\":3.0,\"y\":3},\"health\":3.0,\"loyal\":true,\"category\":\"HELIX\",\"meleeWeapon\":\"POWER_FIST\",\"chapter\":{\"name\":\"3\",\"marinesCount\":3}}"}}
2023-04-20 15:21:22.999 [main] TRACE serverUtils.Console - Received command: add
2023-04-20 15:21:22.999 [main] TRACE serverUtils.ConnectionManager - Sending answer to /127.0.0.1:52755
2023-04-20 15:21:22.999 [main] TRACE serverUtils.ConnectionManager - Sending: {"answerType":"OK","message":"Space Marine 3 has been created and added to the collection"}
2023-04-20 15:21:23.000 [main] TRACE serverUtils.ConnectionManager - Received: {"queryType":"COMMAND_EXEC","information":"show","args":{}}
2023-04-20 15:21:23.000 [main] TRACE serverUtils.Console - Received command: show
2023-04-20 15:21:23.000 [main] TRACE serverUtils.ConnectionManager - Sending answer to /127.0.0.1:52755
2023-04-20 15:21:23.000 [main] TRACE serverUtils.ConnectionManager - Sending: {"answerType":"OK","message":"SpaceMarine(id=1681993282997 ,name=2, coordinates=Coordinates(x=2.0, y=2), creationDate=2023-04-20, health=2.0, loyal=true, category=HELIX, meleeWeapon=POWER_FIST, chapter=Chapter(name=2, marinesCount=2))\nSpaceMarine(id=1681993282998 ,name=1, coordinates=Coordinates(x=1.0, y=1), creationDate=2023-04-20, health=1.0, loyal=true, category=HELIX, meleeWeapon=POWER_FIST, chapter=Chapter(name=1, marinesCount=1))\nSpaceMarine(id=1681993282999 ,name=3, coordinates=Coordinates(x=3.0, y=3), creationDate=2023-04-20, health=3.0, loyal=true, category=HELIX, meleeWeapon=POWER_FIST, chapter=Chapter(name=3, marinesCount=3))"}
2023-04-20 15:21:24.736 [main] TRACE serverUtils.ConnectionManager - Received: {"queryType":"COMMAND_EXEC","information":"show","args":{}}
2023-04-20 15:21:24.736 [main] TRACE serverUtils.Console - Received command: show
2023-04-20 15:21:24.737 [main] TRACE serverUtils.ConnectionManager - Sending answer to /127.0.0.1:52755
2023-04-20 15:21:24.737 [main] TRACE serverUtils.ConnectionManager - Sending: {"answerType":"OK","message":"SpaceMarine(id=1681993282997 ,name=2, coordinates=Coordinates(x=2.0, y=2), creationDate=2023-04-20, health=2.0, loyal=true, category=HELIX, meleeWeapon=POWER_FIST, chapter=Chapter(name=2, marinesCount=2))\nSpaceMarine(id=1681993282998 ,name=1, coordinates=Coordinates(x=1.0, y=1), creationDate=2023-04-20, health=1.0, loyal=true, category=HELIX, meleeWeapon=POWER_FIST, chapter=Chapter(name=1, marinesCount=1))\nSpaceMarine(id=1681993282999 ,name=3, coordinates=Coordinates(x=3.0, y=3), creationDate=2023-04-20, health=3.0, loyal=true, category=HELIX, meleeWeapon=POWER_FIST, chapter=Chapter(name=3, marinesCount=3))"}
